2025-08-30 21:51:03,106 [Worker-2: Loading available Gradle versions] INFO  o.e.b.c.i.u.g.PublishedGradleVersions - Gradle version information cache is not available. Remote download required.
2025-08-30 21:51:53,177 [Worker-15: Launching mavenrun-616eda9c-e02a-434e-a640-282c9fbce9e0] INFO  o.eclipse.m2e.core.internal.Bundles - getClasspathEntries(Bundle=org.eclipse.m2e.maven.runtime_3.9.900.20250220-2013 [637])
2025-08-30 21:51:53,180 [Worker-15: Launching mavenrun-616eda9c-e02a-434e-a640-282c9fbce9e0] INFO  o.eclipse.m2e.core.internal.Bundles - 	Entry: C:\Users\elean\.p2\pool\plugins\org.eclipse.m2e.maven.runtime_3.9.900.20250220-2013
2025-08-30 21:51:53,181 [Worker-15: Launching mavenrun-616eda9c-e02a-434e-a640-282c9fbce9e0] INFO  o.eclipse.m2e.core.internal.Bundles - 	Entry: C:\Users\elean\.p2\pool\plugins\org.eclipse.m2e.maven.runtime_3.9.900.20250220-2013\jars\aopalliance-1.0.jar
2025-08-30 21:51:53,182 [Worker-15: Launching mavenrun-616eda9c-e02a-434e-a640-282c9fbce9e0] INFO  o.eclipse.m2e.core.internal.Bundles - 	Entry: C:\Users\elean\.p2\pool\plugins\org.eclipse.m2e.maven.runtime_3.9.900.20250220-2013\jars\guice-5.1.0.jar
2025-08-30 21:51:53,183 [Worker-15: Launching mavenrun-616eda9c-e02a-434e-a640-282c9fbce9e0] INFO  o.eclipse.m2e.core.internal.Bundles - 	Entry: C:\Users\elean\.p2\pool\plugins\org.eclipse.m2e.maven.runtime_3.9.900.20250220-2013\jars\httpclient-4.5.14.jar
2025-08-30 21:51:53,183 [Worker-15: Launching mavenrun-616eda9c-e02a-434e-a640-282c9fbce9e0] INFO  o.eclipse.m2e.core.internal.Bundles - 	Entry: C:\Users\elean\.p2\pool\plugins\org.eclipse.m2e.maven.runtime_3.9.900.20250220-2013\jars\httpcore-4.4.16.jar
2025-08-30 21:51:53,184 [Worker-15: Launching mavenrun-616eda9c-e02a-434e-a640-282c9fbce9e0] INFO  o.eclipse.m2e.core.internal.Bundles - 	Entry: C:\Users\elean\.p2\pool\plugins\org.eclipse.m2e.maven.runtime_3.9.900.20250220-2013\jars\jansi-2.4.1.jar
2025-08-30 21:51:53,184 [Worker-15: Launching mavenrun-616eda9c-e02a-434e-a640-282c9fbce9e0] INFO  o.eclipse.m2e.core.internal.Bundles - 	Entry: C:\Users\elean\.p2\pool\plugins\org.eclipse.m2e.maven.runtime_3.9.900.20250220-2013\jars\jcl-over-slf4j-1.7.36.jar
2025-08-30 21:51:53,184 [Worker-15: Launching mavenrun-616eda9c-e02a-434e-a640-282c9fbce9e0] INFO  o.eclipse.m2e.core.internal.Bundles - 	Entry: C:\Users\elean\.p2\pool\plugins\org.eclipse.m2e.maven.runtime_3.9.900.20250220-2013\jars\maven-artifact-3.9.9.jar
2025-08-30 21:51:53,186 [Worker-15: Launching mavenrun-616eda9c-e02a-434e-a640-282c9fbce9e0] INFO  o.eclipse.m2e.core.internal.Bundles - 	Entry: C:\Users\elean\.p2\pool\plugins\org.eclipse.m2e.maven.runtime_3.9.900.20250220-2013\jars\maven-builder-support-3.9.9.jar
2025-08-30 21:51:53,186 [Worker-15: Launching mavenrun-616eda9c-e02a-434e-a640-282c9fbce9e0] INFO  o.eclipse.m2e.core.internal.Bundles - 	Entry: C:\Users\elean\.p2\pool\plugins\org.eclipse.m2e.maven.runtime_3.9.900.20250220-2013\jars\maven-compat-3.9.9.jar
2025-08-30 21:51:53,186 [Worker-15: Launching mavenrun-616eda9c-e02a-434e-a640-282c9fbce9e0] INFO  o.eclipse.m2e.core.internal.Bundles - 	Entry: C:\Users\elean\.p2\pool\plugins\org.eclipse.m2e.maven.runtime_3.9.900.20250220-2013\jars\maven-core-3.9.9.jar
2025-08-30 21:51:53,187 [Worker-15: Launching mavenrun-616eda9c-e02a-434e-a640-282c9fbce9e0] INFO  o.eclipse.m2e.core.internal.Bundles - 	Entry: C:\Users\elean\.p2\pool\plugins\org.eclipse.m2e.maven.runtime_3.9.900.20250220-2013\jars\maven-embedder-3.9.9.jar
2025-08-30 21:51:53,187 [Worker-15: Launching mavenrun-616eda9c-e02a-434e-a640-282c9fbce9e0] INFO  o.eclipse.m2e.core.internal.Bundles - 	Entry: C:\Users\elean\.p2\pool\plugins\org.eclipse.m2e.maven.runtime_3.9.900.20250220-2013\jars\maven-model-3.9.9.jar
2025-08-30 21:51:53,187 [Worker-15: Launching mavenrun-616eda9c-e02a-434e-a640-282c9fbce9e0] INFO  o.eclipse.m2e.core.internal.Bundles - 	Entry: C:\Users\elean\.p2\pool\plugins\org.eclipse.m2e.maven.runtime_3.9.900.20250220-2013\jars\maven-model-builder-3.9.9.jar
2025-08-30 21:51:53,187 [Worker-15: Launching mavenrun-616eda9c-e02a-434e-a640-282c9fbce9e0] INFO  o.eclipse.m2e.core.internal.Bundles - 	Entry: C:\Users\elean\.p2\pool\plugins\org.eclipse.m2e.maven.runtime_3.9.900.20250220-2013\jars\maven-plugin-api-3.9.9.jar
2025-08-30 21:51:53,188 [Worker-15: Launching mavenrun-616eda9c-e02a-434e-a640-282c9fbce9e0] INFO  o.eclipse.m2e.core.internal.Bundles - 	Entry: C:\Users\elean\.p2\pool\plugins\org.eclipse.m2e.maven.runtime_3.9.900.20250220-2013\jars\maven-repository-metadata-3.9.9.jar
2025-08-30 21:51:53,188 [Worker-15: Launching mavenrun-616eda9c-e02a-434e-a640-282c9fbce9e0] INFO  o.eclipse.m2e.core.internal.Bundles - 	Entry: C:\Users\elean\.p2\pool\plugins\org.eclipse.m2e.maven.runtime_3.9.900.20250220-2013\jars\maven-resolver-api-1.9.22.jar
2025-08-30 21:51:53,189 [Worker-15: Launching mavenrun-616eda9c-e02a-434e-a640-282c9fbce9e0] INFO  o.eclipse.m2e.core.internal.Bundles - 	Entry: C:\Users\elean\.p2\pool\plugins\org.eclipse.m2e.maven.runtime_3.9.900.20250220-2013\jars\maven-resolver-connector-basic-1.9.22.jar
2025-08-30 21:51:53,189 [Worker-15: Launching mavenrun-616eda9c-e02a-434e-a640-282c9fbce9e0] INFO  o.eclipse.m2e.core.internal.Bundles - 	Entry: C:\Users\elean\.p2\pool\plugins\org.eclipse.m2e.maven.runtime_3.9.900.20250220-2013\jars\maven-resolver-impl-1.9.22.jar
2025-08-30 21:51:53,190 [Worker-15: Launching mavenrun-616eda9c-e02a-434e-a640-282c9fbce9e0] INFO  o.eclipse.m2e.core.internal.Bundles - 	Entry: C:\Users\elean\.p2\pool\plugins\org.eclipse.m2e.maven.runtime_3.9.900.20250220-2013\jars\maven-resolver-named-locks-1.9.22.jar
2025-08-30 21:51:53,190 [Worker-15: Launching mavenrun-616eda9c-e02a-434e-a640-282c9fbce9e0] INFO  o.eclipse.m2e.core.internal.Bundles - 	Entry: C:\Users\elean\.p2\pool\plugins\org.eclipse.m2e.maven.runtime_3.9.900.20250220-2013\jars\maven-resolver-provider-3.9.9.jar
2025-08-30 21:51:53,191 [Worker-15: Launching mavenrun-616eda9c-e02a-434e-a640-282c9fbce9e0] INFO  o.eclipse.m2e.core.internal.Bundles - 	Entry: C:\Users\elean\.p2\pool\plugins\org.eclipse.m2e.maven.runtime_3.9.900.20250220-2013\jars\maven-resolver-spi-1.9.22.jar
2025-08-30 21:51:53,191 [Worker-15: Launching mavenrun-616eda9c-e02a-434e-a640-282c9fbce9e0] INFO  o.eclipse.m2e.core.internal.Bundles - 	Entry: C:\Users\elean\.p2\pool\plugins\org.eclipse.m2e.maven.runtime_3.9.900.20250220-2013\jars\maven-resolver-transport-file-1.9.22.jar
2025-08-30 21:51:53,191 [Worker-15: Launching mavenrun-616eda9c-e02a-434e-a640-282c9fbce9e0] INFO  o.eclipse.m2e.core.internal.Bundles - 	Entry: C:\Users\elean\.p2\pool\plugins\org.eclipse.m2e.maven.runtime_3.9.900.20250220-2013\jars\maven-resolver-transport-http-1.9.22.jar
2025-08-30 21:51:53,192 [Worker-15: Launching mavenrun-616eda9c-e02a-434e-a640-282c9fbce9e0] INFO  o.eclipse.m2e.core.internal.Bundles - 	Entry: C:\Users\elean\.p2\pool\plugins\org.eclipse.m2e.maven.runtime_3.9.900.20250220-2013\jars\maven-resolver-transport-wagon-1.9.22.jar
2025-08-30 21:51:53,192 [Worker-15: Launching mavenrun-616eda9c-e02a-434e-a640-282c9fbce9e0] INFO  o.eclipse.m2e.core.internal.Bundles - 	Entry: C:\Users\elean\.p2\pool\plugins\org.eclipse.m2e.maven.runtime_3.9.900.20250220-2013\jars\maven-resolver-util-1.9.22.jar
2025-08-30 21:51:53,192 [Worker-15: Launching mavenrun-616eda9c-e02a-434e-a640-282c9fbce9e0] INFO  o.eclipse.m2e.core.internal.Bundles - 	Entry: C:\Users\elean\.p2\pool\plugins\org.eclipse.m2e.maven.runtime_3.9.900.20250220-2013\jars\maven-settings-3.9.9.jar
2025-08-30 21:51:53,193 [Worker-15: Launching mavenrun-616eda9c-e02a-434e-a640-282c9fbce9e0] INFO  o.eclipse.m2e.core.internal.Bundles - 	Entry: C:\Users\elean\.p2\pool\plugins\org.eclipse.m2e.maven.runtime_3.9.900.20250220-2013\jars\maven-settings-builder-3.9.9.jar
2025-08-30 21:51:53,193 [Worker-15: Launching mavenrun-616eda9c-e02a-434e-a640-282c9fbce9e0] INFO  o.eclipse.m2e.core.internal.Bundles - 	Entry: C:\Users\elean\.p2\pool\plugins\org.eclipse.m2e.maven.runtime_3.9.900.20250220-2013\jars\maven-shared-utils-3.4.2.jar
2025-08-30 21:51:53,194 [Worker-15: Launching mavenrun-616eda9c-e02a-434e-a640-282c9fbce9e0] INFO  o.eclipse.m2e.core.internal.Bundles - 	Entry: C:\Users\elean\.p2\pool\plugins\org.eclipse.m2e.maven.runtime_3.9.900.20250220-2013\jars\org.eclipse.sisu.inject-0.9.0.M3.jar
2025-08-30 21:51:53,194 [Worker-15: Launching mavenrun-616eda9c-e02a-434e-a640-282c9fbce9e0] INFO  o.eclipse.m2e.core.internal.Bundles - 	Entry: C:\Users\elean\.p2\pool\plugins\org.eclipse.m2e.maven.runtime_3.9.900.20250220-2013\jars\org.eclipse.sisu.plexus-0.9.0.M3.jar
2025-08-30 21:51:53,195 [Worker-15: Launching mavenrun-616eda9c-e02a-434e-a640-282c9fbce9e0] INFO  o.eclipse.m2e.core.internal.Bundles - 	Entry: C:\Users\elean\.p2\pool\plugins\org.eclipse.m2e.maven.runtime_3.9.900.20250220-2013\jars\plexus-build-api-0.0.7.jar
2025-08-30 21:51:53,195 [Worker-15: Launching mavenrun-616eda9c-e02a-434e-a640-282c9fbce9e0] INFO  o.eclipse.m2e.core.internal.Bundles - 	Entry: C:\Users\elean\.p2\pool\plugins\org.eclipse.m2e.maven.runtime_3.9.900.20250220-2013\jars\plexus-build-api-1.2.0.jar
2025-08-30 21:51:53,195 [Worker-15: Launching mavenrun-616eda9c-e02a-434e-a640-282c9fbce9e0] INFO  o.eclipse.m2e.core.internal.Bundles - 	Entry: C:\Users\elean\.p2\pool\plugins\org.eclipse.m2e.maven.runtime_3.9.900.20250220-2013\jars\plexus-cipher-2.0.jar
2025-08-30 21:51:53,196 [Worker-15: Launching mavenrun-616eda9c-e02a-434e-a640-282c9fbce9e0] INFO  o.eclipse.m2e.core.internal.Bundles - 	Entry: C:\Users\elean\.p2\pool\plugins\org.eclipse.m2e.maven.runtime_3.9.900.20250220-2013\jars\plexus-classworlds-2.8.0.jar
2025-08-30 21:51:53,196 [Worker-15: Launching mavenrun-616eda9c-e02a-434e-a640-282c9fbce9e0] INFO  o.eclipse.m2e.core.internal.Bundles - 	Entry: C:\Users\elean\.p2\pool\plugins\org.eclipse.m2e.maven.runtime_3.9.900.20250220-2013\jars\plexus-component-annotations-2.1.0.jar
2025-08-30 21:51:53,196 [Worker-15: Launching mavenrun-616eda9c-e02a-434e-a640-282c9fbce9e0] INFO  o.eclipse.m2e.core.internal.Bundles - 	Entry: C:\Users\elean\.p2\pool\plugins\org.eclipse.m2e.maven.runtime_3.9.900.20250220-2013\jars\plexus-interpolation-1.27.jar
2025-08-30 21:51:53,198 [Worker-15: Launching mavenrun-616eda9c-e02a-434e-a640-282c9fbce9e0] INFO  o.eclipse.m2e.core.internal.Bundles - 	Entry: C:\Users\elean\.p2\pool\plugins\org.eclipse.m2e.maven.runtime_3.9.900.20250220-2013\jars\plexus-sec-dispatcher-2.0.jar
2025-08-30 21:51:53,198 [Worker-15: Launching mavenrun-616eda9c-e02a-434e-a640-282c9fbce9e0] INFO  o.eclipse.m2e.core.internal.Bundles - 	Entry: C:\Users\elean\.p2\pool\plugins\org.eclipse.m2e.maven.runtime_3.9.900.20250220-2013\jars\plexus-utils-3.5.1.jar
2025-08-30 21:51:53,199 [Worker-15: Launching mavenrun-616eda9c-e02a-434e-a640-282c9fbce9e0] INFO  o.eclipse.m2e.core.internal.Bundles - 	Entry: C:\Users\elean\.p2\pool\plugins\org.eclipse.m2e.maven.runtime_3.9.900.20250220-2013\jars\plexus-xml-3.0.1.jar
2025-08-30 21:51:53,199 [Worker-15: Launching mavenrun-616eda9c-e02a-434e-a640-282c9fbce9e0] INFO  o.eclipse.m2e.core.internal.Bundles - 	Entry: C:\Users\elean\.p2\pool\plugins\org.eclipse.m2e.maven.runtime_3.9.900.20250220-2013\jars\wagon-file-3.5.3.jar
2025-08-30 21:51:53,200 [Worker-15: Launching mavenrun-616eda9c-e02a-434e-a640-282c9fbce9e0] INFO  o.eclipse.m2e.core.internal.Bundles - 	Entry: C:\Users\elean\.p2\pool\plugins\org.eclipse.m2e.maven.runtime_3.9.900.20250220-2013\jars\wagon-http-3.5.3.jar
2025-08-30 21:51:53,200 [Worker-15: Launching mavenrun-616eda9c-e02a-434e-a640-282c9fbce9e0] INFO  o.eclipse.m2e.core.internal.Bundles - 	Entry: C:\Users\elean\.p2\pool\plugins\org.eclipse.m2e.maven.runtime_3.9.900.20250220-2013\jars\wagon-http-shared-3.5.3.jar
2025-08-30 21:51:53,201 [Worker-15: Launching mavenrun-616eda9c-e02a-434e-a640-282c9fbce9e0] INFO  o.eclipse.m2e.core.internal.Bundles - 	Entry: C:\Users\elean\.p2\pool\plugins\org.eclipse.m2e.maven.runtime_3.9.900.20250220-2013\jars\wagon-provider-api-3.5.3.jar
2025-08-30 21:51:53,203 [Worker-15: Launching mavenrun-616eda9c-e02a-434e-a640-282c9fbce9e0] INFO  o.eclipse.m2e.core.internal.Bundles - getClasspathEntries(Bundle=com.google.guava_33.4.0.jre [16])
2025-08-30 21:51:53,203 [Worker-15: Launching mavenrun-616eda9c-e02a-434e-a640-282c9fbce9e0] INFO  o.eclipse.m2e.core.internal.Bundles - 	Entry: C:\Users\elean\.p2\pool\plugins\com.google.guava_33.4.0.jre.jar
2025-08-30 21:51:53,203 [Worker-15: Launching mavenrun-616eda9c-e02a-434e-a640-282c9fbce9e0] INFO  o.eclipse.m2e.core.internal.Bundles - getClasspathEntries(Bundle=slf4j.api_2.0.17 [1001])
2025-08-30 21:51:53,204 [Worker-15: Launching mavenrun-616eda9c-e02a-434e-a640-282c9fbce9e0] INFO  o.eclipse.m2e.core.internal.Bundles - 	Entry: C:\Users\elean\.p2\pool\plugins\slf4j.api_2.0.17.jar
2025-08-30 21:51:53,204 [Worker-15: Launching mavenrun-616eda9c-e02a-434e-a640-282c9fbce9e0] INFO  o.eclipse.m2e.core.internal.Bundles - getClasspathEntries(Bundle=jakarta.inject.jakarta.inject-api_1.0.5 [34])
2025-08-30 21:51:53,204 [Worker-15: Launching mavenrun-616eda9c-e02a-434e-a640-282c9fbce9e0] INFO  o.eclipse.m2e.core.internal.Bundles - 	Entry: C:\Users\elean\.p2\pool\plugins\jakarta.inject.jakarta.inject-api_1.0.5.jar
2025-08-30 21:51:53,205 [Worker-15: Launching mavenrun-616eda9c-e02a-434e-a640-282c9fbce9e0] INFO  o.eclipse.m2e.core.internal.Bundles - getClasspathEntries(Bundle=jakarta.annotation-api_1.3.5 [29])
2025-08-30 21:51:53,205 [Worker-15: Launching mavenrun-616eda9c-e02a-434e-a640-282c9fbce9e0] INFO  o.eclipse.m2e.core.internal.Bundles - 	Entry: C:\Users\elean\.p2\pool\plugins\jakarta.annotation-api_1.3.5.jar
2025-08-30 21:51:53,205 [Worker-15: Launching mavenrun-616eda9c-e02a-434e-a640-282c9fbce9e0] INFO  o.eclipse.m2e.core.internal.Bundles - getClasspathEntries(Bundle=org.apache.commons.cli_1.9.0 [74])
2025-08-30 21:51:53,205 [Worker-15: Launching mavenrun-616eda9c-e02a-434e-a640-282c9fbce9e0] INFO  o.eclipse.m2e.core.internal.Bundles - 	Entry: C:\Users\elean\.p2\pool\plugins\org.apache.commons.cli_1.9.0.jar
2025-08-30 21:51:53,205 [Worker-15: Launching mavenrun-616eda9c-e02a-434e-a640-282c9fbce9e0] INFO  o.eclipse.m2e.core.internal.Bundles - getClasspathEntries(Bundle=org.apache.commons.commons-codec_1.16.0 [76])
2025-08-30 21:51:53,206 [Worker-15: Launching mavenrun-616eda9c-e02a-434e-a640-282c9fbce9e0] INFO  o.eclipse.m2e.core.internal.Bundles - 	Entry: C:\Users\elean\.p2\pool\plugins\org.apache.commons.commons-codec_1.16.0.jar
2025-08-30 21:51:53,206 [Worker-15: Launching mavenrun-616eda9c-e02a-434e-a640-282c9fbce9e0] INFO  o.eclipse.m2e.core.internal.Bundles - getClasspathEntries(Bundle=com.google.guava.failureaccess_1.0.2 [17])
2025-08-30 21:51:53,206 [Worker-15: Launching mavenrun-616eda9c-e02a-434e-a640-282c9fbce9e0] INFO  o.eclipse.m2e.core.internal.Bundles - 	Entry: C:\Users\elean\.p2\pool\plugins\com.google.guava.failureaccess_1.0.2.jar
2025-08-30 21:51:53,212 [Worker-15: Launching mavenrun-616eda9c-e02a-434e-a640-282c9fbce9e0] INFO  o.e.m.i.launch.MavenLaunchDelegate - Run build in "C:\Users\elean\AppData\Local\Temp\m2e-archetypeGenerator895203211341499252":
2025-08-30 21:51:53,217 [Worker-15: Launching mavenrun-616eda9c-e02a-434e-a640-282c9fbce9e0] INFO  o.e.m.i.launch.MavenLaunchDelegate -  mvn  -DarchetypeGroupId=org.apache.maven.archetypes -DarchetypeArtifactId=maven-archetype-webapp -DarchetypeVersion=1.0 -DgroupId=tw.com.fashionweb -DartifactId=fashion-web -Dversion=0.0.1-SNAPSHOT -Dpackage=tw.com.fashionweb.fashion_web -DoutputDirectory=C:\Users\elean\OneDrive\Desktop\測試中 -Dstyle.color=always -U archetype:generate
2025-08-30 21:52:08,162 [Worker-3: Creating maven-archetype-webapp] INFO  o.e.m.c.i.p.ProjectConfigurationManager - Collecting project info '/pom.xml' C:\Users\elean\OneDrive\Desktop\測試中\fashion-web\pom.xml
2025-08-30 21:52:08,874 [Worker-3: Creating maven-archetype-webapp] INFO  o.e.m.c.i.l.LifecycleMappingFactory - Using org.maven.ide.eclipse.wtp.WarLifecycleMapping lifecycle mapping for MavenProject: tw.com.fashionweb:fashion-web:0.0.1-SNAPSHOT @ C:\Users\elean\OneDrive\Desktop\測試中\fashion-web\pom.xml.
2025-08-30 21:52:09,911 [Worker-3: Creating maven-archetype-webapp] INFO  o.e.m.j.i.AbstractJavaProjectConfigurator - Adding source folder /fashion-web/src/main/java
2025-08-30 21:52:09,916 [Worker-3: Creating maven-archetype-webapp] INFO  o.e.m.j.i.AbstractJavaProjectConfigurator - Adding resource folder /fashion-web/src/main/resources
2025-08-30 21:52:09,918 [Worker-3: Creating maven-archetype-webapp] INFO  o.e.m.j.i.AbstractJavaProjectConfigurator - Adding source folder /fashion-web/src/test/java
2025-08-30 21:52:09,920 [Worker-3: Creating maven-archetype-webapp] INFO  o.e.m.j.i.AbstractJavaProjectConfigurator - Adding resource folder /fashion-web/src/test/resources
2025-08-30 21:52:11,551 [Worker-3: Creating maven-archetype-webapp] INFO  o.e.m.c.i.p.ProjectConfigurationManager - Imported and configured 1 project(s) in 3 sec
2025-08-30 21:52:12,437 [Worker-39: Building] WARN  o.a.m.s.f.DefaultMavenResourcesFiltering - Using platform encoding (UTF-8 actually) to copy filtered resources, i.e. build is platform dependent!
2025-08-30 21:52:12,453 [Worker-39: Building] INFO  o.a.m.s.f.DefaultMavenResourcesFiltering - Copying 0 resource from src\main\resources to target\classes
2025-08-30 21:52:12,464 [Worker-39: Building] WARN  o.a.m.s.f.DefaultMavenResourcesFiltering - Using platform encoding (UTF-8 actually) to copy filtered resources, i.e. build is platform dependent!
2025-08-30 21:52:12,466 [Worker-39: Building] INFO  o.a.m.s.f.DefaultMavenResourcesFiltering - skip non existing resourceDirectory C:\Users\elean\OneDrive\Desktop\測試中\fashion-web\src\test\resources
2025-08-30 21:57:43,499 [Worker-4: Loading available Gradle versions] INFO  o.e.b.c.i.u.g.PublishedGradleVersions - Gradle version information cache is up-to-date. Trying to read.
2025-08-30 22:44:44,101 [Worker-1: Loading available Gradle versions] INFO  o.e.b.c.i.u.g.PublishedGradleVersions - Gradle version information cache is up-to-date. Trying to read.
2025-08-30 22:44:46,551 [Worker-0: Building] WARN  o.a.m.s.f.DefaultMavenResourcesFiltering - Using platform encoding (UTF-8 actually) to copy filtered resources, i.e. build is platform dependent!
2025-08-30 22:44:46,555 [Worker-0: Building] INFO  o.a.m.s.f.DefaultMavenResourcesFiltering - Copying 0 resource from src\main\resources to target\classes
2025-08-30 22:44:46,560 [Worker-0: Building] WARN  o.a.m.s.f.DefaultMavenResourcesFiltering - Using platform encoding (UTF-8 actually) to copy filtered resources, i.e. build is platform dependent!
2025-08-30 22:44:46,561 [Worker-0: Building] INFO  o.a.m.s.f.DefaultMavenResourcesFiltering - skip non existing resourceDirectory C:\Users\elean\OneDrive\Desktop\Fashion-Web\fashion-web\src\test\resources
2025-08-30 22:58:14,251 [Worker-1: Loading available Gradle versions] INFO  o.e.b.c.i.u.g.PublishedGradleVersions - Gradle version information cache is up-to-date. Trying to read.
2025-08-30 22:59:36,720 [Worker-34: Building] WARN  o.a.m.s.f.DefaultMavenResourcesFiltering - Using platform encoding (UTF-8 actually) to copy filtered resources, i.e. build is platform dependent!
2025-08-30 22:59:36,726 [Worker-34: Building] INFO  o.a.m.s.f.DefaultMavenResourcesFiltering - Copying 0 resource from src\main\resources to target\classes
2025-08-30 22:59:36,731 [Worker-34: Building] WARN  o.a.m.s.f.DefaultMavenResourcesFiltering - Using platform encoding (UTF-8 actually) to copy filtered resources, i.e. build is platform dependent!
2025-08-30 22:59:36,732 [Worker-34: Building] INFO  o.a.m.s.f.DefaultMavenResourcesFiltering - Copying 0 resource from src\test\resources to target\test-classes
2025-08-30 22:59:55,669 [Worker-1: Building Project fashion-web] WARN  o.a.m.s.f.DefaultMavenResourcesFiltering - Using platform encoding (UTF-8 actually) to copy filtered resources, i.e. build is platform dependent!
2025-08-30 22:59:55,670 [Worker-1: Building Project fashion-web] INFO  o.a.m.s.f.DefaultMavenResourcesFiltering - Copying 0 resource from src\main\resources to target\classes
2025-08-30 22:59:55,673 [Worker-1: Building Project fashion-web] WARN  o.a.m.s.f.DefaultMavenResourcesFiltering - Using platform encoding (UTF-8 actually) to copy filtered resources, i.e. build is platform dependent!
2025-08-30 22:59:55,676 [Worker-1: Building Project fashion-web] INFO  o.a.m.s.f.DefaultMavenResourcesFiltering - Copying 0 resource from src\test\resources to target\test-classes
2025-08-30 23:05:10,022 [Worker-5: Loading available Gradle versions] INFO  o.e.b.c.i.u.g.PublishedGradleVersions - Gradle version information cache is up-to-date. Trying to read.
2025-08-30 23:32:54,253 [Worker-34: Building] WARN  o.a.m.s.f.DefaultMavenResourcesFiltering - Using platform encoding (UTF-8 actually) to copy filtered resources, i.e. build is platform dependent!
2025-08-30 23:32:54,259 [Worker-34: Building] INFO  o.a.m.s.f.DefaultMavenResourcesFiltering - Copying 0 resource from src\main\resources to target\classes
2025-08-30 23:32:54,263 [Worker-34: Building] WARN  o.a.m.s.f.DefaultMavenResourcesFiltering - Using platform encoding (UTF-8 actually) to copy filtered resources, i.e. build is platform dependent!
2025-08-30 23:32:54,265 [Worker-34: Building] INFO  o.a.m.s.f.DefaultMavenResourcesFiltering - Copying 0 resource from src\test\resources to target\test-classes
2025-08-30 23:53:16,783 [Worker-20: Building] WARN  o.a.m.s.f.DefaultMavenResourcesFiltering - Using platform encoding (UTF-8 actually) to copy filtered resources, i.e. build is platform dependent!
2025-08-30 23:53:16,788 [Worker-20: Building] INFO  o.a.m.s.f.DefaultMavenResourcesFiltering - Copying 0 resource from src\main\resources to target\classes
2025-08-30 23:53:16,791 [Worker-20: Building] WARN  o.a.m.s.f.DefaultMavenResourcesFiltering - Using platform encoding (UTF-8 actually) to copy filtered resources, i.e. build is platform dependent!
2025-08-30 23:53:16,793 [Worker-20: Building] INFO  o.a.m.s.f.DefaultMavenResourcesFiltering - Copying 0 resource from src\test\resources to target\test-classes
2025-08-30 23:56:36,584 [Worker-10: Building] WARN  o.a.m.s.f.DefaultMavenResourcesFiltering - Using platform encoding (UTF-8 actually) to copy filtered resources, i.e. build is platform dependent!
2025-08-30 23:56:36,586 [Worker-10: Building] INFO  o.a.m.s.f.DefaultMavenResourcesFiltering - Copying 0 resource from src\main\resources to target\classes
2025-08-30 23:56:36,589 [Worker-10: Building] WARN  o.a.m.s.f.DefaultMavenResourcesFiltering - Using platform encoding (UTF-8 actually) to copy filtered resources, i.e. build is platform dependent!
2025-08-30 23:56:36,591 [Worker-10: Building] INFO  o.a.m.s.f.DefaultMavenResourcesFiltering - Copying 0 resource from src\test\resources to target\test-classes
2025-08-30 23:57:17,777 [Worker-10: Building] WARN  o.a.m.s.f.DefaultMavenResourcesFiltering - Using platform encoding (UTF-8 actually) to copy filtered resources, i.e. build is platform dependent!
2025-08-30 23:57:17,778 [Worker-10: Building] INFO  o.a.m.s.f.DefaultMavenResourcesFiltering - Copying 0 resource from src\main\resources to target\classes
2025-08-30 23:57:17,780 [Worker-10: Building] WARN  o.a.m.s.f.DefaultMavenResourcesFiltering - Using platform encoding (UTF-8 actually) to copy filtered resources, i.e. build is platform dependent!
2025-08-30 23:57:17,782 [Worker-10: Building] INFO  o.a.m.s.f.DefaultMavenResourcesFiltering - Copying 0 resource from src\test\resources to target\test-classes
2025-08-31 00:16:27,929 [Worker-23: Building] WARN  o.a.m.s.f.DefaultMavenResourcesFiltering - Using platform encoding (UTF-8 actually) to copy filtered resources, i.e. build is platform dependent!
2025-08-31 00:16:27,931 [Worker-23: Building] INFO  o.a.m.s.f.DefaultMavenResourcesFiltering - Copying 0 resource from src\main\resources to target\classes
2025-08-31 00:16:27,933 [Worker-23: Building] WARN  o.a.m.s.f.DefaultMavenResourcesFiltering - Using platform encoding (UTF-8 actually) to copy filtered resources, i.e. build is platform dependent!
2025-08-31 00:16:27,934 [Worker-23: Building] INFO  o.a.m.s.f.DefaultMavenResourcesFiltering - Copying 0 resource from src\test\resources to target\test-classes
2025-08-31 00:16:54,033 [Worker-10: Building] WARN  o.a.m.s.f.DefaultMavenResourcesFiltering - Using platform encoding (UTF-8 actually) to copy filtered resources, i.e. build is platform dependent!
2025-08-31 00:16:54,034 [Worker-10: Building] INFO  o.a.m.s.f.DefaultMavenResourcesFiltering - Copying 0 resource from src\main\resources to target\classes
2025-08-31 00:16:54,036 [Worker-10: Building] WARN  o.a.m.s.f.DefaultMavenResourcesFiltering - Using platform encoding (UTF-8 actually) to copy filtered resources, i.e. build is platform dependent!
2025-08-31 00:16:54,037 [Worker-10: Building] INFO  o.a.m.s.f.DefaultMavenResourcesFiltering - Copying 0 resource from src\test\resources to target\test-classes
2025-08-31 00:17:02,309 [Worker-33: Building] WARN  o.a.m.s.f.DefaultMavenResourcesFiltering - Using platform encoding (UTF-8 actually) to copy filtered resources, i.e. build is platform dependent!
2025-08-31 00:17:02,310 [Worker-33: Building] INFO  o.a.m.s.f.DefaultMavenResourcesFiltering - Copying 0 resource from src\main\resources to target\classes
2025-08-31 00:17:02,312 [Worker-33: Building] WARN  o.a.m.s.f.DefaultMavenResourcesFiltering - Using platform encoding (UTF-8 actually) to copy filtered resources, i.e. build is platform dependent!
2025-08-31 00:17:02,313 [Worker-33: Building] INFO  o.a.m.s.f.DefaultMavenResourcesFiltering - Copying 0 resource from src\test\resources to target\test-classes
2025-08-31 00:18:59,101 [Worker-5: Loading available Gradle versions] INFO  o.e.b.c.i.u.g.PublishedGradleVersions - Gradle version information cache is up-to-date. Trying to read.
2025-08-31 00:19:58,966 [Worker-25: Building] WARN  o.a.m.s.f.DefaultMavenResourcesFiltering - Using platform encoding (UTF-8 actually) to copy filtered resources, i.e. build is platform dependent!
2025-08-31 00:19:58,973 [Worker-25: Building] INFO  o.a.m.s.f.DefaultMavenResourcesFiltering - Copying 0 resource from src\main\resources to target\classes
2025-08-31 00:19:58,977 [Worker-25: Building] WARN  o.a.m.s.f.DefaultMavenResourcesFiltering - Using platform encoding (UTF-8 actually) to copy filtered resources, i.e. build is platform dependent!
2025-08-31 00:19:58,979 [Worker-25: Building] INFO  o.a.m.s.f.DefaultMavenResourcesFiltering - Copying 0 resource from src\test\resources to target\test-classes
2025-08-31 00:20:01,684 [Worker-15: Building] WARN  o.a.m.s.f.DefaultMavenResourcesFiltering - Using platform encoding (UTF-8 actually) to copy filtered resources, i.e. build is platform dependent!
2025-08-31 00:20:01,687 [Worker-15: Building] INFO  o.a.m.s.f.DefaultMavenResourcesFiltering - Copying 0 resource from src\main\resources to target\classes
2025-08-31 00:20:01,689 [Worker-15: Building] WARN  o.a.m.s.f.DefaultMavenResourcesFiltering - Using platform encoding (UTF-8 actually) to copy filtered resources, i.e. build is platform dependent!
2025-08-31 00:20:01,691 [Worker-15: Building] INFO  o.a.m.s.f.DefaultMavenResourcesFiltering - Copying 0 resource from src\test\resources to target\test-classes
2025-08-31 00:20:09,797 [Worker-14: Building] WARN  o.a.m.s.f.DefaultMavenResourcesFiltering - Using platform encoding (UTF-8 actually) to copy filtered resources, i.e. build is platform dependent!
2025-08-31 00:20:09,798 [Worker-14: Building] INFO  o.a.m.s.f.DefaultMavenResourcesFiltering - Copying 0 resource from src\main\resources to target\classes
2025-08-31 00:20:09,800 [Worker-14: Building] WARN  o.a.m.s.f.DefaultMavenResourcesFiltering - Using platform encoding (UTF-8 actually) to copy filtered resources, i.e. build is platform dependent!
2025-08-31 00:20:09,801 [Worker-14: Building] INFO  o.a.m.s.f.DefaultMavenResourcesFiltering - Copying 0 resource from src\test\resources to target\test-classes
2025-08-31 00:25:20,892 [Worker-5: Loading available Gradle versions] INFO  o.e.b.c.i.u.g.PublishedGradleVersions - Gradle version information cache is up-to-date. Trying to read.
2025-08-31 00:32:00,506 [Worker-5: Loading available Gradle versions] INFO  o.e.b.c.i.u.g.PublishedGradleVersions - Gradle version information cache is up-to-date. Trying to read.
2025-08-31 01:08:50,003 [main] INFO  o.b.c.a.StaticComponentContainer - (StaticComponentContainer.java:368) - Instantiated org.burningwave.core.SLF4JManagedLoggerRepository
2025-08-31 01:08:50,008 [main] INFO  o.b.c.a.StaticComponentContainer - (StaticComponentContainer.java:369) - 

	Configuration values for static components:

		background-executor.all-tasks-monitoring.enabled=\
			true
		background-executor.all-tasks-monitoring.interval=\
			30000
		background-executor.all-tasks-monitoring.logger.enabled=\
			false
		background-executor.all-tasks-monitoring.minimum-elapsed-time-to-consider-a-task-as-probable-dead-locked=\
			300000
		background-executor.all-tasks-monitoring.probable-dead-locked-tasks-handling.policy=\
			log only
		background-executor.queued-task-executor[0].name=\
			Low priority tasks
		background-executor.queued-task-executor[0].priority=\
			1
		background-executor.queued-task-executor[1].name=\
			Normal priority tasks
		background-executor.queued-task-executor[1].priority=\
			5
		background-executor.queued-task-executor[2].name=\
			High priority tasks
		background-executor.queued-task-executor[2].priority=\
			10
		background-executor.task-creation-tracking.enabled=\
			${background-executor.all-tasks-monitoring.enabled}
		banner.additonal-informations=\
			${Bundle-Vendor} ${Bundle-Name} ${Bundle-Version}
		banner.additonal-informations.retrieve-from-manifest-file-of=\
			Burningwave Core
		banner.file=\
			org/burningwave/banner.bwb
		banner.hide=\
			true
		buffer-handler.default-allocation-mode=\
			ByteBuffer::allocateDirect
		buffer-handler.default-buffer-size=\
			1024
		group-name-for-named-elements=\
			Burningwave
		iterable-object-helper.default-values-separator=\
			;
		iterable-object-helper.parallel-iteration.applicability.default-minimum-collection-size=\
			2
		iterable-object-helper.parallel-iteration.applicability.max-runtime-thread-count-threshold=\
			autodetect
		iterable-object-helper.parallel-iteration.applicability.output-collection-enabled-types=\
			java.util.concurrent.ConcurrentHashMap$CollectionView;\
			java.util.Collections$SynchronizedCollection;\
			java.util.concurrent.CopyOnWriteArrayList;\
			java.util.concurrent.CopyOnWriteArraySet;\
			java.util.concurrent.BlockingQueue;\
			java.util.concurrent.ConcurrentSkipListSet;\
			java.util.concurrent.ConcurrentSkipListMap$EntrySet;\
			java.util.concurrent.ConcurrentSkipListMap$KeySet;\
			java.util.concurrent.ConcurrentSkipListMap$Values;
		jvm.driver.init=\
			false
		managed-logger.repository=\
			autodetect
		managed-logger.repository.enabled=\
			true
		managed-logger.repository.logging.warn.disabled-for=\
			org.burningwave.core.assembler.ComponentContainer$ClassLoader;\
			org.burningwave.core.classes.MemoryClassLoader;\
			org.burningwave.core.classes.PathScannerClassLoader;
		modules.export-all-to-all=\
			true
		resource-releaser.enabled=\
			true
		synchronizer.all-threads-monitoring.enabled=\
			false
		synchronizer.all-threads-monitoring.interval=\
			90000
		thread-supplier.default-daemon-flag-value=\
			true
		thread-supplier.default-thread-priority=\
			5
		thread-supplier.max-detached-thread-count=\
			${thread-supplier.max-poolable-thread-count}
		thread-supplier.max-detached-thread-count.elapsed-time-threshold-from-last-increase-for-gradual-decreasing-to-initial-value=\
			30000
		thread-supplier.max-detached-thread-count.increasing-step=\
			autodetect
		thread-supplier.max-poolable-thread-count=\
			autodetect
		thread-supplier.poolable-thread-request-timeout=\
			6000


2025-08-31 01:08:50,012 [main] INFO  o.b.core.jvm.BufferHandler - (BufferHandler.java:127) - default buffer size: 1024 bytes
2025-08-31 01:08:50,013 [main] INFO  o.b.core.jvm.BufferHandler - (BufferHandler.java:141) - default allocation mode: ByteBuffer::allocateDirect
2025-08-31 01:08:50,018 [main] INFO  org.burningwave.core.Cache - (Cache.java:76) - Building cache
2025-08-31 01:08:50,039 [main] INFO  o.b.c.a.StaticComponentContainer - (StaticComponentContainer.java:443) - org.burningwave.core.assembler.StaticComponentContainer initialized in 0.0935666 seconds
2025-08-31 01:20:49,964 [Worker-48: Building] WARN  o.a.m.s.f.DefaultMavenResourcesFiltering - Using platform encoding (UTF-8 actually) to copy filtered resources, i.e. build is platform dependent!
2025-08-31 01:20:49,967 [Worker-48: Building] INFO  o.a.m.s.f.DefaultMavenResourcesFiltering - Copying 0 resource from src\main\resources to target\classes
2025-08-31 01:20:49,975 [Worker-48: Building] WARN  o.a.m.s.f.DefaultMavenResourcesFiltering - Using platform encoding (UTF-8 actually) to copy filtered resources, i.e. build is platform dependent!
2025-08-31 01:20:49,976 [Worker-48: Building] INFO  o.a.m.s.f.DefaultMavenResourcesFiltering - Copying 0 resource from src\test\resources to target\test-classes
2025-08-31 01:20:49,981 [Worker-48: Building] INFO  o.e.m.w.i.f.ResourceFilteringBuildParticipant - Changed resources require a complete clean of filtered resources of fashion-web
2025-08-31 01:20:49,981 [Worker-48: Building] INFO  o.e.m.w.i.f.ResourceFilteringBuildParticipant - Executing resource filtering for fashion-web
2025-08-31 01:30:44,055 [Burningwave - Resource releaser] INFO  o.b.c.a.StaticComponentContainer - (StaticComponentContainer.java:391) - ... Waiting for all tasks ending
2025-08-31 01:30:44,057 [Burningwave - Resource releaser] INFO  o.b.c.a.StaticComponentContainer - (StaticComponentContainer.java:397) - Closing all component containers
2025-08-31 01:30:44,059 [Burningwave - Resource releaser] INFO  o.b.c.a.StaticComponentContainer - (StaticComponentContainer.java:403) - Closing FileSystemHelper
2025-08-31 01:30:44,059 [Burningwave - Resource releaser] INFO  o.b.c.a.StaticComponentContainer - (StaticComponentContainer.java:409) - ... Waiting for all tasks ending before shutting down the BackgroundExecutor
2025-08-31 01:30:44,060 [Burningwave - Resource releaser] INFO  o.b.c.a.StaticComponentContainer - (StaticComponentContainer.java:414) - Shutting down BackgroundExecutor
2025-08-31 01:30:44,060 [Burningwave - Resource releaser] INFO  o.b.c.a.StaticComponentContainer - (StaticComponentContainer.java:420) - Stopping all threads monitoring thread
2025-08-31 01:30:44,060 [Burningwave - Resource releaser] INFO  o.b.c.a.StaticComponentContainer - (StaticComponentContainer.java:425) - Closing ThreadHolder
2025-08-31 01:30:44,061 [Burningwave - Resource releaser] INFO  o.b.c.a.StaticComponentContainer - (StaticComponentContainer.java:430) - Shutting down ThreadSupplier
2025-08-31 01:30:54,640 [Worker-5: Loading available Gradle versions] INFO  o.e.b.c.i.u.g.PublishedGradleVersions - Gradle version information cache is up-to-date. Trying to read.
